0 info it worked if it ends with ok
1 verbose cli [ 'node', '/usr/local/bin/npm', 'install', '-g', 'fekit' ]
2 info using npm@2.7.4
3 info using node@v0.12.2
4 silly cache add args [ 'fekit', null ]
5 verbose cache add spec fekit
6 silly cache add parsed spec { raw: 'fekit',
6 silly cache add   scope: null,
6 silly cache add   name: 'fekit',
6 silly cache add   rawSpec: '',
6 silly cache add   spec: '*',
6 silly cache add   type: 'range' }
7 verbose addNamed fekit@*
8 silly addNamed semver.valid null
9 silly addNamed semver.validRange *
10 silly addNameRange { name: 'fekit', range: '*', hasData: false }
11 silly mapToRegistry name fekit
12 silly mapToRegistry using default registry
13 silly mapToRegistry registry https://registry.npmjs.org/
14 silly mapToRegistry uri https://registry.npmjs.org/fekit
15 verbose addNameRange registry:https://registry.npmjs.org/fekit not in flight; fetching
16 verbose request uri https://registry.npmjs.org/fekit
17 verbose request no auth needed
18 info attempt registry request try #1 at 19:43:37
19 verbose request id 0fcd91688982face
20 http request GET https://registry.npmjs.org/fekit
21 http 200 https://registry.npmjs.org/fekit
22 silly get cb [ 200,
22 silly get   { date: 'Mon, 27 Apr 2015 11:43:39 GMT',
22 silly get     server: 'CouchDB/1.5.0 (Erlang OTP/R16B03)',
22 silly get     etag: '"7NNR8H614T5MA34UF9UC6QC2D"',
22 silly get     'content-type': 'application/json',
22 silly get     'cache-control': 'max-age=60',
22 silly get     'content-length': '174366',
22 silly get     'accept-ranges': 'bytes',
22 silly get     via: '1.1 varnish',
22 silly get     age: '0',
22 silly get     'x-served-by': 'cache-nrt6126-NRT',
22 silly get     'x-cache': 'MISS',
22 silly get     'x-cache-hits': '0',
22 silly get     'x-timer': 'S1430135018.155979,VS0,VE923',
22 silly get     vary: 'Accept',
22 silly get     'keep-alive': 'timeout=10, max=50',
22 silly get     connection: 'Keep-Alive' } ]
23 verbose get saving fekit to /Users/HHLY/.npm/registry.npmjs.org/fekit/.cache.json
24 verbose getCacheStat cache creation not in flight; initializing
25 silly addNameRange number 2 { name: 'fekit', range: '*', hasData: true }
26 silly addNameRange versions [ 'fekit',
26 silly addNameRange   [ '0.1.0',
26 silly addNameRange     '0.1.1',
26 silly addNameRange     '0.1.2',
26 silly addNameRange     '0.1.3',
26 silly addNameRange     '0.1.4',
26 silly addNameRange     '0.1.5',
26 silly addNameRange     '0.1.6',
26 silly addNameRange     '0.1.7',
26 silly addNameRange     '0.1.8',
26 silly addNameRange     '0.1.9',
26 silly addNameRange     '0.1.10',
26 silly addNameRange     '0.1.11',
26 silly addNameRange     '0.1.12',
26 silly addNameRange     '0.1.13',
26 silly addNameRange     '0.1.14',
26 silly addNameRange     '0.1.15',
26 silly addNameRange     '0.1.16',
26 silly addNameRange     '0.1.18',
26 silly addNameRange     '0.1.19',
26 silly addNameRange     '0.1.20',
26 silly addNameRange     '0.1.21',
26 silly addNameRange     '0.1.22',
26 silly addNameRange     '0.1.23',
26 silly addNameRange     '0.1.24',
26 silly addNameRange     '0.1.25',
26 silly addNameRange     '0.1.26',
26 silly addNameRange     '0.1.27',
26 silly addNameRange     '0.1.28',
26 silly addNameRange     '0.1.29',
26 silly addNameRange     '0.2.4',
26 silly addNameRange     '0.2.5',
26 silly addNameRange     '0.2.6',
26 silly addNameRange     '0.2.7',
26 silly addNameRange     '0.2.8',
26 silly addNameRange     '0.2.9',
26 silly addNameRange     '0.2.10',
26 silly addNameRange     '0.2.11',
26 silly addNameRange     '0.2.12',
26 silly addNameRange     '0.2.13',
26 silly addNameRange     '0.2.14',
26 silly addNameRange     '0.2.15',
26 silly addNameRange     '0.2.16',
26 silly addNameRange     '0.2.17',
26 silly addNameRange     '0.2.18',
26 silly addNameRange     '0.2.19',
26 silly addNameRange     '0.2.20',
26 silly addNameRange     '0.2.21',
26 silly addNameRange     '0.2.22',
26 silly addNameRange     '0.2.23',
26 silly addNameRange     '0.2.24',
26 silly addNameRange     '0.2.25',
26 silly addNameRange     '0.2.26',
26 silly addNameRange     '0.2.27',
26 silly addNameRange     '0.2.28',
26 silly addNameRange     '0.2.29',
26 silly addNameRange     '0.2.30',
26 silly addNameRange     '0.2.31',
26 silly addNameRange     '0.2.32',
26 silly addNameRange     '0.2.33',
26 silly addNameRange     '0.2.35',
26 silly addNameRange     '0.2.36',
26 silly addNameRange     '0.2.37',
26 silly addNameRange     '0.2.38',
26 silly addNameRange     '0.2.39',
26 silly addNameRange     '0.2.40',
26 silly addNameRange     '0.2.41',
26 silly addNameRange     '0.2.42',
26 silly addNameRange     '0.2.43',
26 silly addNameRange     '0.2.44',
26 silly addNameRange     '0.2.45',
26 silly addNameRange     '0.2.50',
26 silly addNameRange     '0.2.51',
26 silly addNameRange     '0.2.52',
26 silly addNameRange     '0.2.53',
26 silly addNameRange     '0.2.54',
26 silly addNameRange     '0.2.55',
26 silly addNameRange     '0.2.56',
26 silly addNameRange     '0.2.57',
26 silly addNameRange     '0.2.58',
26 silly addNameRange     '0.2.59',
26 silly addNameRange     '0.2.60',
26 silly addNameRange     '0.2.61',
26 silly addNameRange     '0.2.62',
26 silly addNameRange     '0.2.63',
26 silly addNameRange     '0.2.64',
26 silly addNameRange     '0.2.70',
26 silly addNameRange     '0.2.71',
26 silly addNameRange     '0.2.72',
26 silly addNameRange     '0.2.73',
26 silly addNameRange     '0.2.74',
26 silly addNameRange     '0.2.75',
26 silly addNameRange     '0.2.77',
26 silly addNameRange     '0.2.78',
26 silly addNameRange     '0.2.79',
26 silly addNameRange     '0.2.80',
26 silly addNameRange     '0.2.81',
26 silly addNameRange     '0.2.82',
26 silly addNameRange     '0.2.83',
26 silly addNameRange     '0.2.84',
26 silly addNameRange     '0.2.85',
26 silly addNameRange     '0.2.86',
26 silly addNameRange     '0.2.87',
26 silly addNameRange     '0.2.88',
26 silly addNameRange     '0.2.89',
26 silly addNameRange     '0.2.90',
26 silly addNameRange     '0.2.91',
26 silly addNameRange     '0.2.92',
26 silly addNameRange     '0.2.93',
26 silly addNameRange     '0.2.94',
26 silly addNameRange     '0.2.95',
26 silly addNameRange     '0.2.96-beta',
26 silly addNameRange     '0.2.96-beta.1',
26 silly addNameRange     '0.2.97-beta.0',
26 silly addNameRange     '0.2.96',
26 silly addNameRange     '0.2.97',
26 silly addNameRange     '0.2.98',
26 silly addNameRange     '0.2.100',
26 silly addNameRange     '0.2.101',
26 silly addNameRange     '0.2.102' ] ]
27 verbose addNamed fekit@0.2.102
28 silly addNamed semver.valid 0.2.102
29 silly addNamed semver.validRange 0.2.102
30 silly mapToRegistry name fekit
31 silly mapToRegistry using default registry
32 silly mapToRegistry registry https://registry.npmjs.org/
33 silly mapToRegistry uri https://registry.npmjs.org/fekit
34 verbose addRemoteTarball https://registry.npmjs.org/fekit/-/fekit-0.2.102.tgz not in flight; adding
35 verbose addRemoteTarball [ 'https://registry.npmjs.org/fekit/-/fekit-0.2.102.tgz',
35 verbose addRemoteTarball   '667fa0e48359371d8a47b4ff852322df12bdd686' ]
36 info retry fetch attempt 1 at 19:43:39
37 info attempt registry request try #1 at 19:43:39
38 http fetch GET https://registry.npmjs.org/fekit/-/fekit-0.2.102.tgz
39 http fetch 200 https://registry.npmjs.org/fekit/-/fekit-0.2.102.tgz
40 silly fetchAndShaCheck shasum 667fa0e48359371d8a47b4ff852322df12bdd686
41 verbose addTmpTarball /var/folders/69/dm5vxbj51nnf0sx2bmrrtsr00000gn/T/npm-968-1d3e915d/registry.npmjs.org/fekit/-/fekit-0.2.102.tgz not in flight; adding
42 verbose addTmpTarball already have metadata; skipping unpack for fekit@0.2.102
43 silly cache afterAdd fekit@0.2.102
44 verbose afterAdd /Users/HHLY/.npm/fekit/0.2.102/package/package.json not in flight; writing
45 verbose afterAdd /Users/HHLY/.npm/fekit/0.2.102/package/package.json written
46 silly install resolved [ { author: { name: 'hao.lin', email: 'hao.lin@qunar.com' },
46 silly install resolved     name: 'fekit',
46 silly install resolved     description: 'FE Toolkit',
46 silly install resolved     version: '0.2.102',
46 silly install resolved     bin: { fekit: './bin/fekit' },
46 silly install resolved     repository: { type: 'git', url: 'git://github.com/rinh/fekit.git' },
46 silly install resolved     dependencies:
46 silly install resolved      { 'coffee-script': '1.4.x',
46 silly install resolved        underscore: '1.4.x',
46 silly install resolved        async: '0.2.x',
46 silly install resolved        'graceful-fs': '1.1.x',
46 silly install resolved        mocha: '1.7.x',
46 silly install resolved        chai: '1.3.x',
46 silly install resolved        optimist: '0.3.x',
46 silly install resolved        connect: '2.7.x',
46 silly install resolved        urlrouter: '0.2.x',
46 silly install resolved        mkdirp: '0.3.x',
46 silly install resolved        'uglify-js': '2.4.x',
46 silly install resolved        uglifycss: '0.0.5',
46 silly install resolved        MD5: '1.0.x',
46 silly install resolved        qless: '1.5.x',
46 silly install resolved        'js-yaml': '3.0.2',
46 silly install resolved        cjson: '0.2.x',
46 silly install resolved        'connect-url-rewrite': '0.1.0',
46 silly install resolved        rimraf: '2.1.4',
46 silly install resolved        request: '2.16.x',
46 silly install resolved        fstream: '*',
46 silly install resolved        ncp: '0.4.x',
46 silly install resolved        temp: '0.5.0',
46 silly install resolved        sty: '0.6.x',
46 silly install resolved        semver: '1.1.x',
46 silly install resolved        prompt: '0.2.x',
46 silly install resolved        'underscore.string': '2.3.3',
46 silly install resolved        esprima: '1.0.3',
46 silly install resolved        escodegen: '0.0.26',
46 silly install resolved        astral: '0.1.0',
46 silly install resolved        'astral-angular-annotate': '0.0.2',
46 silly install resolved        inherits: '*',
46 silly install resolved        'block-stream': '*',
46 silly install resolved        'rinh-node-tar': '*',
46 silly install resolved        'node-sass': '2.0.1',
46 silly install resolved        stylus: '0.49.*',
46 silly install resolved        nib: '1.0.*',
46 silly install resolved        handlebars: '2.0.0-alpha.1',
46 silly install resolved        velocityjs: '0.4.x',
46 silly install resolved        'tiny-lr': '0.0.7',
46 silly install resolved        gaze: '0.5.1',
46 silly install resolved        'fs-extra': '0.12.0',
46 silly install resolved        'http-proxy': '1.11.x',
46 silly install resolved        'compute-cluster': '*',
46 silly install resolved        find: '0.1.7' },
46 silly install resolved     devDependencies: {},
46 silly install resolved     optionalDependencies: {},
46 silly install resolved     engines: { node: '*' },
46 silly install resolved     license: 'MIT',
46 silly install resolved     scripts: { prepublish: 'cake build' },
46 silly install resolved     gitHead: '4efc115596b489b2c75bef0c7dd28fa403ebce50',
46 silly install resolved     bugs: { url: 'https://github.com/rinh/fekit/issues' },
46 silly install resolved     homepage: 'https://github.com/rinh/fekit',
46 silly install resolved     _id: 'fekit@0.2.102',
46 silly install resolved     _shasum: '667fa0e48359371d8a47b4ff852322df12bdd686',
46 silly install resolved     _from: 'fekit@*',
46 silly install resolved     _npmVersion: '2.3.0',
46 silly install resolved     _nodeVersion: '0.10.33',
46 silly install resolved     _npmUser: { name: 'icewhite', email: 'yashiro1899@gmail.com' },
46 silly install resolved     maintainers: [ [Object], [Object] ],
46 silly install resolved     dist:
46 silly install resolved      { shasum: '667fa0e48359371d8a47b4ff852322df12bdd686',
46 silly install resolved        tarball: 'http://registry.npmjs.org/fekit/-/fekit-0.2.102.tgz' },
46 silly install resolved     directories: {},
46 silly install resolved     _resolved: 'https://registry.npmjs.org/fekit/-/fekit-0.2.102.tgz' } ]
47 info install fekit@0.2.102 into /usr/local/lib
48 info installOne fekit@0.2.102
49 verbose installOne of fekit to /usr/local/lib not in flight; installing
50 verbose lock using /Users/HHLY/.npm/_locks/fekit-7892deb4bc1528be.lock for /usr/local/lib/node_modules/fekit
51 silly install write writing fekit 0.2.102 to /usr/local/lib/node_modules/fekit
52 silly cache addNamed cb fekit@0.2.102
53 verbose unbuild lib/node_modules/fekit
54 silly gentlyRm /usr/local/lib/node_modules/fekit is being purged from base /usr/local
55 verbose gentlyRm don't care about contents; nuking /usr/local/lib/node_modules/fekit
56 verbose tar unpack /Users/HHLY/.npm/fekit/0.2.102/package.tgz
57 verbose tar unpacking to /usr/local/lib/node_modules/fekit
58 silly gentlyRm /usr/local/lib/node_modules/fekit is being purged
59 verbose gentlyRm don't care about contents; nuking /usr/local/lib/node_modules/fekit
60 silly gunzTarPerm modes [ '755', '644' ]
61 error tar.unpack untar error /Users/HHLY/.npm/fekit/0.2.102/package.tgz
62 verbose unlock done using /Users/HHLY/.npm/_locks/fekit-7892deb4bc1528be.lock for /usr/local/lib/node_modules/fekit
63 verbose fstream_path /usr/local/lib/node_modules/fekit
64 verbose fstream_type Directory
65 verbose fstream_class DirWriter
66 verbose stack Error: EACCES, mkdir '/usr/local/lib/node_modules/fekit'
66 verbose stack     at Error (native)
67 verbose fstream_stack /usr/local/lib/node_modules/npm/node_modules/fstream/lib/dir-writer.js:36:23
67 verbose fstream_stack /usr/local/lib/node_modules/npm/node_modules/mkdirp/index.js:46:53
67 verbose fstream_stack FSReqWrap.oncomplete (fs.js:95:15)
68 verbose cwd /Users/HHLY/xujihao.github.io
69 error Darwin 14.3.0
70 error argv "node" "/usr/local/bin/npm" "install" "-g" "fekit"
71 error node v0.12.2
72 error npm  v2.7.4
73 error path /usr/local/lib/node_modules/fekit
74 error code EACCES
75 error errno -13
76 error Error: EACCES, mkdir '/usr/local/lib/node_modules/fekit'
76 error     at Error (native)
76 error  { [Error: EACCES, mkdir '/usr/local/lib/node_modules/fekit']
76 error   errno: -13,
76 error   code: 'EACCES',
76 error   path: '/usr/local/lib/node_modules/fekit',
76 error   fstream_type: 'Directory',
76 error   fstream_path: '/usr/local/lib/node_modules/fekit',
76 error   fstream_class: 'DirWriter',
76 error   fstream_stack:
76 error    [ '/usr/local/lib/node_modules/npm/node_modules/fstream/lib/dir-writer.js:36:23',
76 error      '/usr/local/lib/node_modules/npm/node_modules/mkdirp/index.js:46:53',
76 error      'FSReqWrap.oncomplete (fs.js:95:15)' ] }
77 error Please try running this command again as root/Administrator.
78 verbose exit [ -13, true ]
79 verbose unbuild lib/node_modules/fekit
80 silly gentlyRm /usr/local/lib/node_modules/fekit is being purged from base /usr/local
81 verbose gentlyRm don't care about contents; nuking /usr/local/lib/node_modules/fekit
